<?xml version="1.0" encoding="UTF-8"?>
<!-- Generated by org.testng.reporters.JUnitXMLReporter -->
<testsuite hostname="DESKTOP-O5SIUU5" ignored="0" name="Test-s6-edge" tests="14" failures="2" timestamp="08 May 2018 08:49:15 GMT" time="68.085" errors="0">
  <testcase name="setup_server" time="42.263" classname="POM.ParallelTesting"/>
  <testcase name="LoginTestCase" time="5.285" classname="POM.ParallelTesting">
    <failure type="org.openqa.selenium.NoSuchElementException" message="An element could not be located on the page using the given search parameters. (WARNING: The server did not provide any stacktrace information)
Command duration or timeout: 600 milliseconds
For documentation on this error, please visit: http://seleniumhq.org/exceptions/no_such_element.html
Build info: version: &amp;apos;3.4.0&amp;apos;, revision: &amp;apos;unknown&amp;apos;, time: &amp;apos;unknown&amp;apos;
System info: host: &amp;apos;DESKTOP-O5SIUU5&amp;apos;, ip: &amp;apos;192.168.210.2&amp;apos;, os.name: &amp;apos;Windows 10&amp;apos;, os.arch: &amp;apos;amd64&amp;apos;, os.version: &amp;apos;10.0&amp;apos;, java.version: &amp;apos;1.8.0_144&amp;apos;
Driver info: io.appium.java_client.android.AndroidDriver
Capabilities [{appPackage=co.olivemedia.hihoandroidwebapp, noReset=true, deviceName=ce11171b65dd9c3a0c, platform=LINUX, deviceUDID=ce11171b65dd9c3a0c, desired={app=D:\eclipse-workspace\MobileTesting\app\Hiup_2.2.1_65.apk, noReset=true, newCommandTimeout=120.0, platformVersion=8.0, unicodeKeyboard=true, platformName=Android, deviceName=ce11171b65dd9c3a0c, autoAcceptAlerts=true}, newCommandTimeout=120.0, platformVersion=8.0.0, webStorageEnabled=false, takesScreenshot=true, javascriptEnabled=true, unicodeKeyboard=true, platformName=Android, deviceManufacturer=samsung, app=D:\eclipse-workspace\MobileTesting\app\Hiup_2.2.1_65.apk, deviceScreenSize=1440x2960, networkConnectionEnabled=true, warnings={}, appWaitPackage=co.olivemedia.hihoandroidwebapp, appWaitActivity=co.olivemedia.hihoandroidwebapp.activities.SplashScreenActivity, databaseEnabled=false, appActivity=co.olivemedia.hihoandroidwebapp.activities.SplashScreenActivity, locationContextEnabled=false, deviceModel=SM-G950F, autoAcceptAlerts=true}]
Session ID: 7f79a365-3bc2-48f6-90b8-34e815daf28d
*** Element info: {Using=id, value=co.olivemedia.hihoandroidwebapp:id/close_login}">
      <![CDATA[org.openqa.selenium.NoSuchElementException: An element could not be located on the page using the given search parameters. (WARNING: The server did not provide any stacktrace information)
Command duration or timeout: 600 milliseconds
For documentation on this error, please visit: http://seleniumhq.org/exceptions/no_such_element.html
Build info: version: '3.4.0', revision: 'unknown', time: 'unknown'
System info: host: 'DESKTOP-O5SIUU5', ip: '192.168.210.2', os.name: 'Windows 10', os.arch: 'amd64', os.version: '10.0', java.version: '1.8.0_144'
Driver info: io.appium.java_client.android.AndroidDriver
Capabilities [{appPackage=co.olivemedia.hihoandroidwebapp, noReset=true, deviceName=ce11171b65dd9c3a0c, platform=LINUX, deviceUDID=ce11171b65dd9c3a0c, desired={app=D:\eclipse-workspace\MobileTesting\app\Hiup_2.2.1_65.apk, noReset=true, newCommandTimeout=120.0, platformVersion=8.0, unicodeKeyboard=true, platformName=Android, deviceName=ce11171b65dd9c3a0c, autoAcceptAlerts=true}, newCommandTimeout=120.0, platformVersion=8.0.0, webStorageEnabled=false, takesScreenshot=true, javascriptEnabled=true, unicodeKeyboard=true, platformName=Android, deviceManufacturer=samsung, app=D:\eclipse-workspace\MobileTesting\app\Hiup_2.2.1_65.apk, deviceScreenSize=1440x2960, networkConnectionEnabled=true, warnings={}, appWaitPackage=co.olivemedia.hihoandroidwebapp, appWaitActivity=co.olivemedia.hihoandroidwebapp.activities.SplashScreenActivity, databaseEnabled=false, appActivity=co.olivemedia.hihoandroidwebapp.activities.SplashScreenActivity, locationContextEnabled=false, deviceModel=SM-G950F, autoAcceptAlerts=true}]
Session ID: 7f79a365-3bc2-48f6-90b8-34e815daf28d
*** Element info: {Using=id, value=co.olivemedia.hihoandroidwebapp:id/close_login}
	at org.openqa.selenium.remote.ErrorHandler.createThrowable(ErrorHandler.java:215)
	at org.openqa.selenium.remote.ErrorHandler.throwIfResponseFailed(ErrorHandler.java:167)
	at org.openqa.selenium.remote.RemoteWebDriver.execute(RemoteWebDriver.java:671)
	at io.appium.java_client.DefaultGenericMobileDriver.execute(DefaultGenericMobileDriver.java:40)
	at io.appium.java_client.AppiumDriver.execute(AppiumDriver.java:1)
	at io.appium.java_client.android.AndroidDriver.execute(AndroidDriver.java:1)
	at org.openqa.selenium.remote.RemoteWebDriver.findElement(RemoteWebDriver.java:410)
	at io.appium.java_client.DefaultGenericMobileDriver.findElement(DefaultGenericMobileDriver.java:56)
	at io.appium.java_client.AppiumDriver.findElement(AppiumDriver.java:1)
	at io.appium.java_client.android.AndroidDriver.findElement(AndroidDriver.java:1)
	at org.openqa.selenium.remote.RemoteWebDriver.findElementById(RemoteWebDriver.java:453)
	at io.appium.java_client.DefaultGenericMobileDriver.findElementById(DefaultGenericMobileDriver.java:64)
	at io.appium.java_client.AppiumDriver.findElementById(AppiumDriver.java:1)
	at io.appium.java_client.android.AndroidDriver.findElementById(AndroidDriver.java:1)
	at org.openqa.selenium.By$ById.findElement(By.java:218)
	at org.openqa.selenium.remote.RemoteWebDriver.findElement(RemoteWebDriver.java:402)
	at io.appium.java_client.DefaultGenericMobileDriver.findElement(DefaultGenericMobileDriver.java:52)
	at io.appium.java_client.AppiumDriver.findElement(AppiumDriver.java:1)
	at io.appium.java_client.android.AndroidDriver.findElement(AndroidDriver.java:1)
	at POM.Login_Page.clickclose(Login_Page.java:103)
	at POM.ParallelTesting.LoginTestCase(ParallelTesting.java:135)
	at java.util.concurrent.FutureTask.run(Unknown Source)
	at java.util.concurrent.ThreadPoolExecutor.runWorker(Unknown Source)
	at java.util.concurrent.ThreadPoolExecutor$Worker.run(Unknown Source)
	at java.lang.Thread.run(Unknown Source)
... Removed 20 stack frames]]>
    </failure>
  </testcase> <!-- LoginTestCase -->
  <testcase name="JobsFeedTestCase" time="0.412" classname="POM.ParallelTesting"/>
  <testcase name="ApplicationTestCase" time="0.047" classname="POM.ParallelTesting"/>
  <testcase name="InterviewTestCase" time="0.251" classname="POM.ParallelTesting"/>
  <testcase name="OfferTestCase" time="0.518" classname="POM.ParallelTesting"/>
  <testcase name="JobSearchLocationTestCase" time="2.042" classname="POM.ParallelTesting"/>
  <testcase name="JobSearchTestCase" time="2.068" classname="POM.ParallelTesting"/>
  <testcase name="JobSearchpPayTestCase" time="2.029" classname="POM.ParallelTesting"/>
  <testcase name="TrainingTestCase" time="4.215" classname="POM.ParallelTesting"/>
  <testcase name="MytTrainingTestCase" time="2.063" classname="POM.ParallelTesting"/>
  <testcase name="WalletTestCase" time="2.518" classname="POM.ParallelTesting"/>
  <testcase name="SettingsTestCase" time="2.027" classname="POM.ParallelTesting"/>
  <testcase name="ForgetTestCase" time="0.055" classname="POM.ParallelTesting">
    <failure type="org.openqa.selenium.NoSuchElementException" message="An element could not be located on the page using the given search parameters. (WARNING: The server did not provide any stacktrace information)
Command duration or timeout: 32 milliseconds
For documentation on this error, please visit: http://seleniumhq.org/exceptions/no_such_element.html
Build info: version: &amp;apos;3.4.0&amp;apos;, revision: &amp;apos;unknown&amp;apos;, time: &amp;apos;unknown&amp;apos;
System info: host: &amp;apos;DESKTOP-O5SIUU5&amp;apos;, ip: &amp;apos;192.168.210.2&amp;apos;, os.name: &amp;apos;Windows 10&amp;apos;, os.arch: &amp;apos;amd64&amp;apos;, os.version: &amp;apos;10.0&amp;apos;, java.version: &amp;apos;1.8.0_144&amp;apos;
Driver info: io.appium.java_client.android.AndroidDriver
Capabilities [{appPackage=co.olivemedia.hihoandroidwebapp, noReset=true, deviceName=ce11171b65dd9c3a0c, platform=LINUX, deviceUDID=ce11171b65dd9c3a0c, desired={app=D:\eclipse-workspace\MobileTesting\app\Hiup_2.2.1_65.apk, noReset=true, newCommandTimeout=120.0, platformVersion=8.0, unicodeKeyboard=true, platformName=Android, deviceName=ce11171b65dd9c3a0c, autoAcceptAlerts=true}, newCommandTimeout=120.0, platformVersion=8.0.0, webStorageEnabled=false, takesScreenshot=true, javascriptEnabled=true, unicodeKeyboard=true, platformName=Android, deviceManufacturer=samsung, app=D:\eclipse-workspace\MobileTesting\app\Hiup_2.2.1_65.apk, deviceScreenSize=1440x2960, networkConnectionEnabled=true, warnings={}, appWaitPackage=co.olivemedia.hihoandroidwebapp, appWaitActivity=co.olivemedia.hihoandroidwebapp.activities.SplashScreenActivity, databaseEnabled=false, appActivity=co.olivemedia.hihoandroidwebapp.activities.SplashScreenActivity, locationContextEnabled=false, deviceModel=SM-G950F, autoAcceptAlerts=true}]
Session ID: 7f79a365-3bc2-48f6-90b8-34e815daf28d
*** Element info: {Using=id, value=co.olivemedia.hihoandroidwebapp:id/close_login}">
      <![CDATA[org.openqa.selenium.NoSuchElementException: An element could not be located on the page using the given search parameters. (WARNING: The server did not provide any stacktrace information)
Command duration or timeout: 32 milliseconds
For documentation on this error, please visit: http://seleniumhq.org/exceptions/no_such_element.html
Build info: version: '3.4.0', revision: 'unknown', time: 'unknown'
System info: host: 'DESKTOP-O5SIUU5', ip: '192.168.210.2', os.name: 'Windows 10', os.arch: 'amd64', os.version: '10.0', java.version: '1.8.0_144'
Driver info: io.appium.java_client.android.AndroidDriver
Capabilities [{appPackage=co.olivemedia.hihoandroidwebapp, noReset=true, deviceName=ce11171b65dd9c3a0c, platform=LINUX, deviceUDID=ce11171b65dd9c3a0c, desired={app=D:\eclipse-workspace\MobileTesting\app\Hiup_2.2.1_65.apk, noReset=true, newCommandTimeout=120.0, platformVersion=8.0, unicodeKeyboard=true, platformName=Android, deviceName=ce11171b65dd9c3a0c, autoAcceptAlerts=true}, newCommandTimeout=120.0, platformVersion=8.0.0, webStorageEnabled=false, takesScreenshot=true, javascriptEnabled=true, unicodeKeyboard=true, platformName=Android, deviceManufacturer=samsung, app=D:\eclipse-workspace\MobileTesting\app\Hiup_2.2.1_65.apk, deviceScreenSize=1440x2960, networkConnectionEnabled=true, warnings={}, appWaitPackage=co.olivemedia.hihoandroidwebapp, appWaitActivity=co.olivemedia.hihoandroidwebapp.activities.SplashScreenActivity, databaseEnabled=false, appActivity=co.olivemedia.hihoandroidwebapp.activities.SplashScreenActivity, locationContextEnabled=false, deviceModel=SM-G950F, autoAcceptAlerts=true}]
Session ID: 7f79a365-3bc2-48f6-90b8-34e815daf28d
*** Element info: {Using=id, value=co.olivemedia.hihoandroidwebapp:id/close_login}
	at org.openqa.selenium.remote.ErrorHandler.createThrowable(ErrorHandler.java:215)
	at org.openqa.selenium.remote.ErrorHandler.throwIfResponseFailed(ErrorHandler.java:167)
	at org.openqa.selenium.remote.RemoteWebDriver.execute(RemoteWebDriver.java:671)
	at io.appium.java_client.DefaultGenericMobileDriver.execute(DefaultGenericMobileDriver.java:40)
	at io.appium.java_client.AppiumDriver.execute(AppiumDriver.java:1)
	at io.appium.java_client.android.AndroidDriver.execute(AndroidDriver.java:1)
	at org.openqa.selenium.remote.RemoteWebDriver.findElement(RemoteWebDriver.java:410)
	at io.appium.java_client.DefaultGenericMobileDriver.findElement(DefaultGenericMobileDriver.java:56)
	at io.appium.java_client.AppiumDriver.findElement(AppiumDriver.java:1)
	at io.appium.java_client.android.AndroidDriver.findElement(AndroidDriver.java:1)
	at org.openqa.selenium.remote.RemoteWebDriver.findElementById(RemoteWebDriver.java:453)
	at io.appium.java_client.DefaultGenericMobileDriver.findElementById(DefaultGenericMobileDriver.java:64)
	at io.appium.java_client.AppiumDriver.findElementById(AppiumDriver.java:1)
	at io.appium.java_client.android.AndroidDriver.findElementById(AndroidDriver.java:1)
	at org.openqa.selenium.By$ById.findElement(By.java:218)
	at org.openqa.selenium.remote.RemoteWebDriver.findElement(RemoteWebDriver.java:402)
	at io.appium.java_client.DefaultGenericMobileDriver.findElement(DefaultGenericMobileDriver.java:52)
	at io.appium.java_client.AppiumDriver.findElement(AppiumDriver.java:1)
	at io.appium.java_client.android.AndroidDriver.findElement(AndroidDriver.java:1)
	at POM.Forget_Page.clickclose(Forget_Page.java:65)
	at POM.ParallelTesting.ForgetTestCase(ParallelTesting.java:214)
	at java.util.concurrent.FutureTask.run(Unknown Source)
	at java.util.concurrent.ThreadPoolExecutor.runWorker(Unknown Source)
	at java.util.concurrent.ThreadPoolExecutor$Worker.run(Unknown Source)
	at java.lang.Thread.run(Unknown Source)
... Removed 19 stack frames]]>
    </failure>
  </testcase> <!-- ForgetTestCase -->
</testsuite> <!-- Test-s6-edge -->
