<?xml version="1.0" encoding="UTF-8"?>
<!-- Generated by org.testng.reporters.JUnitReportReporter -->
<testsuite skipped="0" hostname="DESKTOP-O5SIUU5" name="POM.WalletModuleTest" tests="2" failures="0" timestamp="26 Jul 2018 10:51:58 GMT" time="66.927" errors="0">
  <testcase name="setup_server" time="17.351" classname="POM.WalletModuleTest"/>
  <testcase name="WalletTestCase" time="49.576" classname="POM.WalletModuleTest"/>
</testsuite> <!-- POM.WalletModuleTest -->
