<?xml version="1.0" encoding="UTF-8"?>
<!-- Generated by org.testng.reporters.JUnitReportReporter -->
<testsuite skipped="0" hostname="DESKTOP-O5SIUU5" name="POM.hiUpSetUp" tests="1" failures="0" timestamp="26 Jul 2018 09:16:07 GMT" time="16.463" errors="0">
  <testcase name="setup_server" time="16.463" classname="POM.hiUpSetUp"/>
</testsuite> <!-- POM.hiUpSetUp -->
