<?xml version="1.0" encoding="UTF-8"?>
<!-- Generated by org.testng.reporters.JUnitReportReporter -->
<testsuite skipped="0" hostname="DESKTOP-O5SIUU5" name="MobileTest.FormwithCaptcha" tests="1" failures="0" timestamp="23 Jul 2018 11:25:37 GMT" time="14.273" errors="0">
  <testcase name="formwithcaptcha" time="14.273" classname="MobileTest.FormwithCaptcha"/>
</testsuite> <!-- MobileTest.FormwithCaptcha -->
