<?xml version="1.0" encoding="UTF-8"?>
<!-- Generated by org.testng.reporters.JUnitReportReporter -->
<testsuite skipped="0" hostname="DESKTOP-O5SIUU5" name="MobileTest.ExcelCode" tests="1" failures="0" timestamp="29 Jan 2018 11:38:17 GMT" time="0.948" errors="0">
  <testcase name="read" time="0.948" classname="MobileTest.ExcelCode"/>
</testsuite> <!-- MobileTest.ExcelCode -->
