<?xml version="1.0" encoding="UTF-8"?>
<!-- Generated by org.testng.reporters.JUnitReportReporter -->
<testsuite skipped="0" hostname="DESKTOP-O5SIUU5" name="MobileTest.excel" tests="1" failures="0" timestamp="29 Jan 2018 12:03:05 GMT" time="0.887" errors="0">
  <testcase name="read" time="0.887" classname="MobileTest.excel"/>
</testsuite> <!-- MobileTest.excel -->
