<?xml version="1.0" encoding="UTF-8"?>
<!-- Generated by org.testng.reporters.JUnitReportReporter -->
<testsuite skipped="0" hostname="DESKTOP-O5SIUU5" name="POM.whilejava" tests="1" failures="0" timestamp="02 Jul 2018 10:41:45 GMT" time="0.010" errors="0">
  <testcase name="whiletest" time="0.010" classname="POM.whilejava"/>
</testsuite> <!-- POM.whilejava -->
