<?xml version="1.0" encoding="UTF-8"?>
<!-- Generated by org.testng.reporters.JUnitReportReporter -->
<testsuite skipped="0" hostname="DESKTOP-O5SIUU5" name="POM.HiupTest_" tests="4" failures="0" timestamp="19 Jul 2018 10:00:00 GMT" time="166.782" errors="0">
  <testcase name="setup_server" time="17.035" classname="POM.HiupTest_"/>
  <testcase name="SignUpTestCase" time="116.700" classname="POM.HiupTest_"/>
  <testcase name="Logout2TestCase" time="5.616" classname="POM.HiupTest_"/>
  <testcase name="ForgetTestCase" time="27.431" classname="POM.HiupTest_"/>
</testsuite> <!-- POM.HiupTest_ -->
