<?xml version="1.0" encoding="UTF-8"?>
<!-- Generated by org.testng.reporters.JUnitReportReporter -->
<testsuite skipped="0" hostname="DESKTOP-O5SIUU5" name="OliveCMS.Master_TestCase" tests="1" failures="0" timestamp="08 Feb 2018 04:12:32 GMT" time="324.713" errors="0">
  <testcase name="login_Test" time="324.713" classname="OliveCMS.Master_TestCase"/>
</testsuite> <!-- OliveCMS.Master_TestCase -->
