<?xml version="1.0" encoding="UTF-8"?>
<!-- Generated by org.testng.reporters.JUnitReportReporter -->
<testsuite skipped="0" hostname="DESKTOP-O5SIUU5" name="POM.data" tests="1" failures="0" timestamp="31 Jan 2018 10:37:01 GMT" time="0.872" errors="0">
  <testcase name="test" time="0.872" classname="POM.data"/>
</testsuite> <!-- POM.data -->
