<?xml version="1.0" encoding="UTF-8"?>
<!-- Generated by org.testng.reporters.JUnitReportReporter -->
<testsuite skipped="0" hostname="DESKTOP-O5SIUU5" name="POM.LoginTest" tests="15" failures="0" timestamp="30 Jul 2018 08:48:19 GMT" time="68.676" errors="0">
  <testcase name="setup_server" time="38.785" classname="POM.LoginTest"/>
  <testcase name="LoginTestCase" time="0.439" classname="POM.LoginTest"/>
  <testcase name="JobsFeedTestCase" time="0.207" classname="POM.LoginTest"/>
  <testcase name="ApplicationTestCase" time="0.156" classname="POM.LoginTest"/>
  <testcase name="InterviewTestCase" time="0.618" classname="POM.LoginTest"/>
  <testcase name="OfferTestCase" time="0.253" classname="POM.LoginTest"/>
  <testcase name="JobSearchLocationTestCase" time="2.729" classname="POM.LoginTest"/>
  <testcase name="JobSearchTestCase" time="6.486" classname="POM.LoginTest"/>
  <testcase name="JobSearchpPayTestCase" time="2.150" classname="POM.LoginTest"/>
  <testcase name="TrainingTestCase" time="4.920" classname="POM.LoginTest"/>
  <testcase name="MytTrainingTestCase" time="2.938" classname="POM.LoginTest"/>
  <testcase name="WalletTestCase" time="2.080" classname="POM.LoginTest"/>
  <testcase name="SettingsTestCase" time="2.087" classname="POM.LoginTest"/>
  <testcase name="LogoutTestCase" time="4.754" classname="POM.LoginTest"/>
  <testcase name="ForgetTestCase" time="0.074" classname="POM.LoginTest"/>
</testsuite> <!-- POM.LoginTest -->
