<?xml version="1.0" encoding="UTF-8"?>
<!-- Generated by org.testng.reporters.JUnitReportReporter -->
<testsuite skipped="0" hostname="DESKTOP-O5SIUU5" name="POM.JobFeedModuleTest" tests="2" failures="0" timestamp="26 Jul 2018 10:18:10 GMT" time="39.376" errors="0">
  <testcase name="setup_server" time="15.796" classname="POM.JobFeedModuleTest"/>
  <testcase name="ApplicationTestCase" time="23.580" classname="POM.JobFeedModuleTest"/>
</testsuite> <!-- POM.JobFeedModuleTest -->
