<?xml version="1.0" encoding="UTF-8"?>
<!-- Generated by org.testng.reporters.JUnitReportReporter -->
<testsuite skipped="0" hostname="DESKTOP-O5SIUU5" name="MobileTest.bitmapimage" tests="1" failures="0" timestamp="20 Jul 2018 10:30:36 GMT" time="0.971" errors="0">
  <testcase name="deathcaptcha" time="0.971" classname="MobileTest.bitmapimage"/>
</testsuite> <!-- MobileTest.bitmapimage -->
