<?xml version="1.0" encoding="UTF-8"?>
<!-- Generated by org.testng.reporters.JUnitReportReporter -->
<testsuite skipped="0" hostname="DESKTOP-O5SIUU5" name="OliveCMS.selenium_parallel" tests="2" failures="0" timestamp="22 May 2018 03:46:09 GMT" time="28.881" errors="0">
  <testcase name="parallelTest" time="2.937" classname="OliveCMS.selenium_parallel"/>
  <testcase name="parallelTest" time="25.944" classname="OliveCMS.selenium_parallel"/>
</testsuite> <!-- OliveCMS.selenium_parallel -->
