<?xml version="1.0" encoding="UTF-8"?>
<!-- Generated by org.testng.reporters.JUnitReportReporter -->
<testsuite skipped="0" hostname="DESKTOP-O5SIUU5" name="POM.ApplicationsModuleTest" tests="3" failures="0" timestamp="26 Jul 2018 05:09:46 GMT" time="0.010" errors="0">
  <testcase name="ApplicationTestCase" time="0.007" classname="POM.ApplicationsModuleTest"/>
  <testcase name="InterviewTestCase" time="0.002" classname="POM.ApplicationsModuleTest"/>
  <testcase name="OfferTestCase" time="0.001" classname="POM.ApplicationsModuleTest"/>
</testsuite> <!-- POM.ApplicationsModuleTest -->
