<?xml version="1.0" encoding="UTF-8"?>
<!-- Generated by org.testng.reporters.JUnitReportReporter -->
<testsuite skipped="0" hostname="DESKTOP-O5SIUU5" name="MobileTest.LoginTest" tests="1" failures="0" timestamp="30 Jan 2018 05:46:28 GMT" time="400.305" errors="1">
  <testcase name="loginTestCase" time="400.305" classname="MobileTest.LoginTest">
    <error type="org.openqa.selenium.NoSuchSessionException" message="The driver was unexpectedly shut down! (WARNING: The server did not provide any stacktrace information)
Command duration or timeout: 374.99 seconds
Build info: version: &#039;3.4.0&#039;, revision: &#039;unknown&#039;, time: &#039;unknown&#039;
System info: host: &#039;DESKTOP-O5SIUU5&#039;, ip: &#039;192.168.210.2&#039;, os.name: &#039;Windows 10&#039;, os.arch: &#039;amd64&#039;, os.version: &#039;10.0&#039;, java.version: &#039;1.8.0_144&#039;
Driver info: io.appium.java_client.android.AndroidDriver
Capabilities [{app=C:\Users\Acer\eclipse-workspace\MobileTesting\app\Hiup_2.2.1_65.apk, appPackage=co.olivemedia.hihoandroidwebapp, deviceScreenSize=1440x2560, networkConnectionEnabled=true, noReset=true, warnings={}, appWaitPackage=co.olivemedia.hihoandroidwebapp, appWaitActivity=co.olivemedia.hihoandroidwebapp.activities.SplashScreenActivity, databaseEnabled=false, deviceName=192.168.210.101:5555, platform=LINUX, deviceUDID=192.168.210.101:5555, appActivity=co.olivemedia.hihoandroidwebapp.activities.SplashScreenActivity, desired={app=C:\Users\Acer\eclipse-workspace\MobileTesting\app\Hiup_2.2.1_65.apk, noReset=true, platformName=Android, deviceName=192.168.188.102:5555}, platformVersion=6.0, webStorageEnabled=false, locationContextEnabled=false, takesScreenshot=true, javascriptEnabled=true, deviceModel=Samsung Galaxy S7 - 6.0.0 - API 23 - 1440x2560, platformName=Android, deviceManufacturer=Genymotion}]
Session ID: f5f885a3-be8c-4cc2-be72-e1f55e48e702
*** Element info: {Using=id, value=co.olivemedia.hihoandroidwebapp:id/tv_user_profile_email_address}">
      <![CDATA[org.openqa.selenium.NoSuchSessionException: The driver was unexpectedly shut down! (WARNING: The server did not provide any stacktrace information)
Command duration or timeout: 374.99 seconds
Build info: version: '3.4.0', revision: 'unknown', time: 'unknown'
System info: host: 'DESKTOP-O5SIUU5', ip: '192.168.210.2', os.name: 'Windows 10', os.arch: 'amd64', os.version: '10.0', java.version: '1.8.0_144'
Driver info: io.appium.java_client.android.AndroidDriver
Capabilities [{app=C:\Users\Acer\eclipse-workspace\MobileTesting\app\Hiup_2.2.1_65.apk, appPackage=co.olivemedia.hihoandroidwebapp, deviceScreenSize=1440x2560, networkConnectionEnabled=true, noReset=true, warnings={}, appWaitPackage=co.olivemedia.hihoandroidwebapp, appWaitActivity=co.olivemedia.hihoandroidwebapp.activities.SplashScreenActivity, databaseEnabled=false, deviceName=192.168.210.101:5555, platform=LINUX, deviceUDID=192.168.210.101:5555, appActivity=co.olivemedia.hihoandroidwebapp.activities.SplashScreenActivity, desired={app=C:\Users\Acer\eclipse-workspace\MobileTesting\app\Hiup_2.2.1_65.apk, noReset=true, platformName=Android, deviceName=192.168.188.102:5555}, platformVersion=6.0, webStorageEnabled=false, locationContextEnabled=false, takesScreenshot=true, javascriptEnabled=true, deviceModel=Samsung Galaxy S7 - 6.0.0 - API 23 - 1440x2560, platformName=Android, deviceManufacturer=Genymotion}]
Session ID: f5f885a3-be8c-4cc2-be72-e1f55e48e702
*** Element info: {Using=id, value=co.olivemedia.hihoandroidwebapp:id/tv_user_profile_email_address}
	at sun.reflect.NativeConstructorAccessorImpl.newInstance0(Native Method)
	at sun.reflect.NativeConstructorAccessorImpl.newInstance(Unknown Source)
	at sun.reflect.DelegatingConstructorAccessorImpl.newInstance(Unknown Source)
	at java.lang.reflect.Constructor.newInstance(Unknown Source)
	at org.openqa.selenium.remote.ErrorHandler.createThrowable(ErrorHandler.java:215)
	at org.openqa.selenium.remote.ErrorHandler.throwIfResponseFailed(ErrorHandler.java:167)
	at org.openqa.selenium.remote.RemoteWebDriver.execute(RemoteWebDriver.java:671)
	at io.appium.java_client.DefaultGenericMobileDriver.execute(DefaultGenericMobileDriver.java:40)
	at io.appium.java_client.AppiumDriver.execute(AppiumDriver.java:1)
	at io.appium.java_client.android.AndroidDriver.execute(AndroidDriver.java:1)
	at org.openqa.selenium.remote.RemoteWebDriver.findElement(RemoteWebDriver.java:410)
	at io.appium.java_client.DefaultGenericMobileDriver.findElement(DefaultGenericMobileDriver.java:56)
	at io.appium.java_client.AppiumDriver.findElement(AppiumDriver.java:1)
	at io.appium.java_client.android.AndroidDriver.findElement(AndroidDriver.java:1)
	at org.openqa.selenium.remote.RemoteWebDriver.findElementById(RemoteWebDriver.java:453)
	at io.appium.java_client.DefaultGenericMobileDriver.findElementById(DefaultGenericMobileDriver.java:64)
	at io.appium.java_client.AppiumDriver.findElementById(AppiumDriver.java:1)
	at io.appium.java_client.android.AndroidDriver.findElementById(AndroidDriver.java:1)
	at org.openqa.selenium.By$ById.findElement(By.java:218)
	at org.openqa.selenium.remote.RemoteWebDriver.findElement(RemoteWebDriver.java:402)
	at io.appium.java_client.DefaultGenericMobileDriver.findElement(DefaultGenericMobileDriver.java:52)
	at io.appium.java_client.AppiumDriver.findElement(AppiumDriver.java:1)
	at io.appium.java_client.android.AndroidDriver.findElement(AndroidDriver.java:1)
	at MobileTest.Login_Page.gettitle(Login_Page.java:67)
	at MobileTest.LoginTest.loginTestCase(LoginTest.java:66)
	at sun.reflect.NativeMethodAccessorImpl.invoke0(Native Method)
	at sun.reflect.NativeMethodAccessorImpl.invoke(Unknown Source)
	at sun.reflect.DelegatingMethodAccessorImpl.invoke(Unknown Source)
	at java.lang.reflect.Method.invoke(Unknown Source)
	at org.testng.internal.MethodInvocationHelper.invokeMethod(MethodInvocationHelper.java:108)
	at org.testng.internal.Invoker.invokeMethod(Invoker.java:669)
	at org.testng.internal.Invoker.invokeTestMethod(Invoker.java:877)
	at org.testng.internal.Invoker.invokeTestMethods(Invoker.java:1201)
	at org.testng.internal.TestMethodWorker.invokeTestMethods(TestMethodWorker.java:125)
	at org.testng.internal.TestMethodWorker.run(TestMethodWorker.java:109)
	at org.testng.TestRunner.privateRun(TestRunner.java:776)
	at org.testng.TestRunner.run(TestRunner.java:634)
	at org.testng.SuiteRunner.runTest(SuiteRunner.java:425)
	at org.testng.SuiteRunner.runSequentially(SuiteRunner.java:420)
	at org.testng.SuiteRunner.privateRun(SuiteRunner.java:385)
	at org.testng.SuiteRunner.run(SuiteRunner.java:334)
	at org.testng.SuiteRunnerWorker.runSuite(SuiteRunnerWorker.java:52)
	at org.testng.SuiteRunnerWorker.run(SuiteRunnerWorker.java:86)
	at org.testng.TestNG.runSuitesSequentially(TestNG.java:1318)
	at org.testng.TestNG.runSuitesLocally(TestNG.java:1243)
	at org.testng.TestNG.runSuites(TestNG.java:1161)
	at org.testng.TestNG.run(TestNG.java:1129)
	at org.testng.remote.AbstractRemoteTestNG.run(AbstractRemoteTestNG.java:114)
	at org.testng.remote.RemoteTestNG.initAndRun(RemoteTestNG.java:251)
	at org.testng.remote.RemoteTestNG.main(RemoteTestNG.java:77)
]]>
    </error>
  </testcase> <!-- loginTestCase -->
</testsuite> <!-- MobileTest.LoginTest -->
